<?xml version="1.0" encoding="UTF-8"?>
<!-- Generated by org.testng.reporters.JUnitXMLReporter -->
<testsuite ignored="0" hostname="Pankajs-MacBook-Air.local" failures="1" tests="3" name="Order" time="33.121" errors="0" timestamp="2025-03-01T14:56:31 IST">
  <testcase classname="PankajShukla.Tests.StandaloneApplication" name="submitOrder" time="13.764"/>
  <testcase classname="PankajShukla.Tests.StandaloneApplication" name="submitOrder" time="13.763"/>
  <testcase classname="PankajShukla.Tests.StandaloneApplication" name="order" time="0.368">
    <failure type="java.lang.AssertionError" message="expected [true] but found [false]">
      <![CDATA[java.lang.AssertionError: expected [true] but found [false]
at PankajShukla.Tests.StandaloneApplication.order(StandaloneApplication.java:54)
at java.base/java.util.ArrayList.forEach(ArrayList.java:1596)
at java.base/java.util.concurrent.FutureTask.run(FutureTask.java:317)
at java.base/java.util.concurrent.ThreadPoolExecutor.runWorker(ThreadPoolExecutor.java:1144)
at java.base/java.util.concurrent.ThreadPoolExecutor$Worker.run(ThreadPoolExecutor.java:642)
at java.base/java.lang.Thread.run(Thread.java:1583)
... Removed 19 stack frames]]>
    </failure>
  </testcase> <!-- order -->
</testsuite> <!-- Order -->
