<?xml version="1.0" encoding="UTF-8"?>
<!-- Generated by org.testng.reporters.JUnitXMLReporter -->
<testsuite ignored="0" hostname="Pankajs-MacBook-Air.local" failures="0" tests="3" name="Order" time="34.686" errors="0" timestamp="2025-03-01T15:10:19 IST">
  <testcase classname="PankajShukla.Tests.StandaloneApplication" name="submitOrder" time="13.901"/>
  <testcase classname="PankajShukla.Tests.StandaloneApplication" name="submitOrder" time="14.133"/>
  <testcase classname="PankajShukla.Tests.StandaloneApplication" name="order" time="0.415"/>
</testsuite> <!-- Order -->
