<?xml version="1.0" encoding="UTF-8"?>
<testng-results ignored="0" total="5" passed="5" failed="0" skipped="0">
  <reporter-output>
  </reporter-output>
  <suite started-at="2025-03-01T15:09:44 IST" name="Suite" finished-at="2025-03-01T15:10:19 IST" duration-ms="34686">
    <groups>
      <group name="ErrorHandling">
        <method signature="ErrorValidationsTest.loginErrorPage()[pri:0, instance:PankajShukla.Tests.ErrorValidationsTest@202b0582]" name="loginErrorPage" class="PankajShukla.Tests.ErrorValidationsTest"/>
        <method signature="ErrorValidationsTest.searchProduct()[pri:0, instance:PankajShukla.Tests.ErrorValidationsTest@202b0582]" name="searchProduct" class="PankajShukla.Tests.ErrorValidationsTest"/>
      </group> <!-- ErrorHandling -->
      <group name="Purchase">
        <method signature="StandaloneApplication.submitOrder(java.util.HashMap)[pri:0, instance:PankajShukla.Tests.StandaloneApplication@4310d43]" name="submitOrder" class="PankajShukla.Tests.StandaloneApplication"/>
      </group> <!-- Purchase -->
    </groups>
    <test started-at="2025-03-01T15:09:44 IST" name="Error" finished-at="2025-03-01T15:10:02 IST" duration-ms="18016">
      <class name="PankajShukla.Tests.ErrorValidationsTest">
        <test-method is-config="true" signature="loadApplication()[pri:0, instance:PankajShukla.Tests.ErrorValidationsTest@202b0582]" started-at="2025-03-01T15:09:44 IST" name="loadApplication" finished-at="2025-03-01T15:09:46 IST" duration-ms="2148" status="PASS">
          <reporter-output>
          </reporter-output>
        </test-method> <!-- loadApplication -->
        <test-method signature="loginErrorPage()[pri:0, instance:PankajShukla.Tests.ErrorValidationsTest@202b0582]" started-at="2025-03-01T15:09:46 IST" name="loginErrorPage" finished-at="2025-03-01T15:09:47 IST" duration-ms="715" status="PASS">
          <reporter-output>
          </reporter-output>
        </test-method> <!-- loginErrorPage -->
        <test-method is-config="true" signature="closeDriver()[pri:0, instance:PankajShukla.Tests.ErrorValidationsTest@202b0582]" started-at="2025-03-01T15:09:47 IST" name="closeDriver" finished-at="2025-03-01T15:09:47 IST" duration-ms="181" status="PASS">
          <reporter-output>
          </reporter-output>
        </test-method> <!-- closeDriver -->
        <test-method is-config="true" signature="loadApplication()[pri:0, instance:PankajShukla.Tests.ErrorValidationsTest@202b0582]" started-at="2025-03-01T15:09:47 IST" name="loadApplication" finished-at="2025-03-01T15:09:49 IST" duration-ms="1783" status="PASS">
          <reporter-output>
          </reporter-output>
        </test-method> <!-- loadApplication -->
        <test-method signature="searchProduct()[pri:0, instance:PankajShukla.Tests.ErrorValidationsTest@202b0582]" started-at="2025-03-01T15:09:49 IST" name="searchProduct" finished-at="2025-03-01T15:10:02 IST" duration-ms="13098" status="PASS">
          <reporter-output>
          </reporter-output>
        </test-method> <!-- searchProduct -->
        <test-method is-config="true" signature="closeDriver()[pri:0, instance:PankajShukla.Tests.ErrorValidationsTest@202b0582]" started-at="2025-03-01T15:10:02 IST" name="closeDriver" finished-at="2025-03-01T15:10:02 IST" duration-ms="67" status="PASS">
          <reporter-output>
          </reporter-output>
        </test-method> <!-- closeDriver -->
      </class> <!-- PankajShukla.Tests.ErrorValidationsTest -->
    </test> <!-- Error -->
    <test started-at="2025-03-01T15:09:44 IST" name="Order" finished-at="2025-03-01T15:10:19 IST" duration-ms="34686">
      <class name="PankajShukla.Tests.StandaloneApplication">
        <test-method is-config="true" signature="loadApplication()[pri:0, instance:PankajShukla.Tests.StandaloneApplication@4310d43]" started-at="2025-03-01T15:09:44 IST" name="loadApplication" finished-at="2025-03-01T15:09:47 IST" duration-ms="2183" status="PASS">
          <reporter-output>
          </reporter-output>
        </test-method> <!-- loadApplication -->
        <test-method signature="submitOrder(java.util.HashMap)[pri:0, instance:PankajShukla.Tests.StandaloneApplication@4310d43]" started-at="2025-03-01T15:09:47 IST" name="submitOrder" data-provider="getData" finished-at="2025-03-01T15:10:00 IST" duration-ms="13901" status="PASS">
          <params>
            <param index="0">
              <value>
                <![CDATA[{password=Testing@1, product=ADIDAS ORIGINAL, email=automationtesting11@gmail.com}]]>
              </value>
            </param>
          </params>
          <reporter-output>
          </reporter-output>
        </test-method> <!-- submitOrder -->
        <test-method is-config="true" signature="closeDriver()[pri:0, instance:PankajShukla.Tests.StandaloneApplication@4310d43]" started-at="2025-03-01T15:10:00 IST" name="closeDriver" finished-at="2025-03-01T15:10:01 IST" duration-ms="228" status="PASS">
          <reporter-output>
          </reporter-output>
        </test-method> <!-- closeDriver -->
        <test-method is-config="true" signature="loadApplication()[pri:0, instance:PankajShukla.Tests.StandaloneApplication@4310d43]" started-at="2025-03-01T15:10:01 IST" name="loadApplication" finished-at="2025-03-01T15:10:02 IST" duration-ms="1732" status="PASS">
          <reporter-output>
          </reporter-output>
        </test-method> <!-- loadApplication -->
        <test-method signature="submitOrder(java.util.HashMap)[pri:0, instance:PankajShukla.Tests.StandaloneApplication@4310d43]" started-at="2025-03-01T15:10:02 IST" name="submitOrder" data-provider="getData" finished-at="2025-03-01T15:10:17 IST" duration-ms="14133" status="PASS">
          <params>
            <param index="0">
              <value>
                <![CDATA[{password=Iamking@000, product=IPHONE 13 PRO, email=rahulshetty@gmail.com}]]>
              </value>
            </param>
          </params>
          <reporter-output>
          </reporter-output>
        </test-method> <!-- submitOrder -->
        <test-method is-config="true" signature="closeDriver()[pri:0, instance:PankajShukla.Tests.StandaloneApplication@4310d43]" started-at="2025-03-01T15:10:17 IST" name="closeDriver" finished-at="2025-03-01T15:10:17 IST" duration-ms="130" status="PASS">
          <reporter-output>
          </reporter-output>
        </test-method> <!-- closeDriver -->
        <test-method is-config="true" signature="loadApplication()[pri:0, instance:PankajShukla.Tests.StandaloneApplication@4310d43]" started-at="2025-03-01T15:10:17 IST" name="loadApplication" finished-at="2025-03-01T15:10:18 IST" duration-ms="1719" status="PASS">
          <reporter-output>
          </reporter-output>
        </test-method> <!-- loadApplication -->
        <test-method signature="order()[pri:0, instance:PankajShukla.Tests.StandaloneApplication@4310d43]" started-at="2025-03-01T15:10:18 IST" name="order" finished-at="2025-03-01T15:10:19 IST" depends-on-methods="PankajShukla.Tests.StandaloneApplication.submitOrder" duration-ms="415" status="PASS">
          <reporter-output>
          </reporter-output>
        </test-method> <!-- order -->
        <test-method is-config="true" signature="closeDriver()[pri:0, instance:PankajShukla.Tests.StandaloneApplication@4310d43]" started-at="2025-03-01T15:10:19 IST" name="closeDriver" finished-at="2025-03-01T15:10:19 IST" duration-ms="166" status="PASS">
          <reporter-output>
          </reporter-output>
        </test-method> <!-- closeDriver -->
      </class> <!-- PankajShukla.Tests.StandaloneApplication -->
    </test> <!-- Order -->
  </suite> <!-- Suite -->
</testng-results>
